documentscanner/build/intermediates/manifest_merge_blame_file/release/manifest-merger-blame-release-report.txt
1<?xml version="1.0" encoding="utf-8"?>
2<manifest xmlns:android="http://schemas.android.com/apk/res/android"
3    package="com.documentscanner.sdk" >
4
5    <uses-sdk
6        android:minSdkVersion="21"
6-->src\main\AndroidManifest.xml
7        android:targetSdkVersion="33" />
7-->src\main\AndroidManifest.xml
8
9    <uses-permission android:name="android.permission.CAMERA" />
9-->src\main\AndroidManifest.xml:2:5-65
9-->src\main\AndroidManifest.xml:2:22-62
10
11    <uses-feature android:name="android.hardware.camera.any" />
11-->src\main\AndroidManifest.xml:3:5-64
11-->src\main\AndroidManifest.xml:3:19-61
12
13    <application>
13-->src\main\AndroidManifest.xml:5:5-11:19
14        <activity
14-->src\main\AndroidManifest.xml:6:9-10:81
15            android:name="com.documentscanner.sdk.DocumentScannerActivity"
15-->src\main\AndroidManifest.xml:7:13-75
16            android:exported="false"
16-->src\main\AndroidManifest.xml:8:13-37
17            android:screenOrientation="portrait"
17-->src\main\AndroidManifest.xml:9:13-49
18            android:theme="@style/Theme.MaterialComponents.Light.NoActionBar" />
18-->src\main\AndroidManifest.xml:10:13-78
19    </application>
20
21</manifest>